::1 - - [19/Feb/2021:14:30:30 +0000] "GET / HTTP/1.1" 200 10247 "http://localhost:3000/" "Mozilla/5.0 (Windows NT 10.0; Win64; x64) AppleWebKit/537.36 (KHTML, like Gecko) Chrome/88.0.4324.182 Safari/537.36"
::1 - - [19/Feb/2021:14:30:30 +0000] "GET /css/main.css HTTP/1.1" 304 - "http://localhost:3000/" "Mozilla/5.0 (Windows NT 10.0; Win64; x64) AppleWebKit/537.36 (KHTML, like Gecko) Chrome/88.0.4324.182 Safari/537.36"
::1 - - [19/Feb/2021:14:30:30 +0000] "GET /favicon.ico HTTP/1.1" 200 1556 "http://localhost:3000/" "Mozilla/5.0 (Windows NT 10.0; Win64; x64) AppleWebKit/537.36 (KHTML, like Gecko) Chrome/88.0.4324.182 Safari/537.36"
::1 - - [19/Feb/2021:14:31:01 +0000] "GET /login HTTP/1.1" 200 2344 "http://localhost:3000/" "Mozilla/5.0 (Windows NT 10.0; Win64; x64) AppleWebKit/537.36 (KHTML, like Gecko) Chrome/88.0.4324.182 Safari/537.36"
::1 - - [19/Feb/2021:14:31:01 +0000] "GET /css/main.css HTTP/1.1" 304 - "http://localhost:3000/login" "Mozilla/5.0 (Windows NT 10.0; Win64; x64) AppleWebKit/537.36 (KHTML, like Gecko) Chrome/88.0.4324.182 Safari/537.36"
::1 - - [19/Feb/2021:14:31:01 +0000] "GET /favicon.ico HTTP/1.1" 304 - "http://localhost:3000/login" "Mozilla/5.0 (Windows NT 10.0; Win64; x64) AppleWebKit/537.36 (KHTML, like Gecko) Chrome/88.0.4324.182 Safari/537.36"
::1 - - [19/Feb/2021:14:31:06 +0000] "POST /login HTTP/1.1" 302 46 "http://localhost:3000/login" "Mozilla/5.0 (Windows NT 10.0; Win64; x64) AppleWebKit/537.36 (KHTML, like Gecko) Chrome/88.0.4324.182 Safari/537.36"
::1 - - [19/Feb/2021:14:31:06 +0000] "GET / HTTP/1.1" 200 10638 "http://localhost:3000/login" "Mozilla/5.0 (Windows NT 10.0; Win64; x64) AppleWebKit/537.36 (KHTML, like Gecko) Chrome/88.0.4324.182 Safari/537.36"
::1 - - [19/Feb/2021:14:31:06 +0000] "GET /css/main.css HTTP/1.1" 304 - "http://localhost:3000/" "Mozilla/5.0 (Windows NT 10.0; Win64; x64) AppleWebKit/537.36 (KHTML, like Gecko) Chrome/88.0.4324.182 Safari/537.36"
::1 - - [19/Feb/2021:14:31:07 +0000] "GET /favicon.ico HTTP/1.1" 304 - "http://localhost:3000/" "Mozilla/5.0 (Windows NT 10.0; Win64; x64) AppleWebKit/537.36 (KHTML, like Gecko) Chrome/88.0.4324.182 Safari/537.36"
::1 - - [19/Feb/2021:14:31:10 +0000] "POST /card HTTP/1.1" 302 54 "http://localhost:3000/" "Mozilla/5.0 (Windows NT 10.0; Win64; x64) AppleWebKit/537.36 (KHTML, like Gecko) Chrome/88.0.4324.182 Safari/537.36"
::1 - - [19/Feb/2021:14:31:10 +0000] "GET /card HTTP/1.1" 200 2948 "http://localhost:3000/" "Mozilla/5.0 (Windows NT 10.0; Win64; x64) AppleWebKit/537.36 (KHTML, like Gecko) Chrome/88.0.4324.182 Safari/537.36"
::1 - - [19/Feb/2021:14:31:11 +0000] "GET /css/main.css HTTP/1.1" 304 - "http://localhost:3000/card" "Mozilla/5.0 (Windows NT 10.0; Win64; x64) AppleWebKit/537.36 (KHTML, like Gecko) Chrome/88.0.4324.182 Safari/537.36"
::1 - - [19/Feb/2021:14:31:11 +0000] "GET /favicon.ico HTTP/1.1" 304 - "http://localhost:3000/card" "Mozilla/5.0 (Windows NT 10.0; Win64; x64) AppleWebKit/537.36 (KHTML, like Gecko) Chrome/88.0.4324.182 Safari/537.36"
::1 - - [19/Feb/2021:14:31:13 +0000] "POST /delete-card-item HTTP/1.1" 302 54 "http://localhost:3000/card" "Mozilla/5.0 (Windows NT 10.0; Win64; x64) AppleWebKit/537.36 (KHTML, like Gecko) Chrome/88.0.4324.182 Safari/537.36"
::1 - - [19/Feb/2021:14:31:13 +0000] "GET /card HTTP/1.1" 200 1926 "http://localhost:3000/card" "Mozilla/5.0 (Windows NT 10.0; Win64; x64) AppleWebKit/537.36 (KHTML, like Gecko) Chrome/88.0.4324.182 Safari/537.36"
::1 - - [19/Feb/2021:14:31:14 +0000] "GET /css/main.css HTTP/1.1" 304 - "http://localhost:3000/card" "Mozilla/5.0 (Windows NT 10.0; Win64; x64) AppleWebKit/537.36 (KHTML, like Gecko) Chrome/88.0.4324.182 Safari/537.36"
::1 - - [19/Feb/2021:14:31:14 +0000] "GET /favicon.ico HTTP/1.1" 304 - "http://localhost:3000/card" "Mozilla/5.0 (Windows NT 10.0; Win64; x64) AppleWebKit/537.36 (KHTML, like Gecko) Chrome/88.0.4324.182 Safari/537.36"
::1 - - [19/Feb/2021:14:31:15 +0000] "GET / HTTP/1.1" 200 10638 "http://localhost:3000/card" "Mozilla/5.0 (Windows NT 10.0; Win64; x64) AppleWebKit/537.36 (KHTML, like Gecko) Chrome/88.0.4324.182 Safari/537.36"
::1 - - [19/Feb/2021:14:31:16 +0000] "GET /css/main.css HTTP/1.1" 304 - "http://localhost:3000/" "Mozilla/5.0 (Windows NT 10.0; Win64; x64) AppleWebKit/537.36 (KHTML, like Gecko) Chrome/88.0.4324.182 Safari/537.36"
::1 - - [19/Feb/2021:14:31:16 +0000] "GET /favicon.ico HTTP/1.1" 304 - "http://localhost:3000/" "Mozilla/5.0 (Windows NT 10.0; Win64; x64) AppleWebKit/537.36 (KHTML, like Gecko) Chrome/88.0.4324.182 Safari/537.36"
::1 - - [19/Feb/2021:14:31:17 +0000] "POST /card HTTP/1.1" 302 54 "http://localhost:3000/" "Mozilla/5.0 (Windows NT 10.0; Win64; x64) AppleWebKit/537.36 (KHTML, like Gecko) Chrome/88.0.4324.182 Safari/537.36"
::1 - - [19/Feb/2021:14:31:18 +0000] "GET /card HTTP/1.1" 200 2948 "http://localhost:3000/" "Mozilla/5.0 (Windows NT 10.0; Win64; x64) AppleWebKit/537.36 (KHTML, like Gecko) Chrome/88.0.4324.182 Safari/537.36"
::1 - - [19/Feb/2021:14:31:18 +0000] "GET /css/main.css HTTP/1.1" 304 - "http://localhost:3000/card" "Mozilla/5.0 (Windows NT 10.0; Win64; x64) AppleWebKit/537.36 (KHTML, like Gecko) Chrome/88.0.4324.182 Safari/537.36"
::1 - - [19/Feb/2021:14:31:18 +0000] "GET /favicon.ico HTTP/1.1" 304 - "http://localhost:3000/card" "Mozilla/5.0 (Windows NT 10.0; Win64; x64) AppleWebKit/537.36 (KHTML, like Gecko) Chrome/88.0.4324.182 Safari/537.36"
::1 - - [19/Feb/2021:14:31:23 +0000] "GET /orders HTTP/1.1" 200 4426 "http://localhost:3000/card" "Mozilla/5.0 (Windows NT 10.0; Win64; x64) AppleWebKit/537.36 (KHTML, like Gecko) Chrome/88.0.4324.182 Safari/537.36"
::1 - - [19/Feb/2021:14:31:23 +0000] "GET /css/main.css HTTP/1.1" 304 - "http://localhost:3000/orders" "Mozilla/5.0 (Windows NT 10.0; Win64; x64) AppleWebKit/537.36 (KHTML, like Gecko) Chrome/88.0.4324.182 Safari/537.36"
::1 - - [19/Feb/2021:14:31:23 +0000] "GET /favicon.ico HTTP/1.1" 304 - "http://localhost:3000/orders" "Mozilla/5.0 (Windows NT 10.0; Win64; x64) AppleWebKit/537.36 (KHTML, like Gecko) Chrome/88.0.4324.182 Safari/537.36"
::1 - - [19/Feb/2021:14:31:24 +0000] "GET /card HTTP/1.1" 200 2948 "http://localhost:3000/orders" "Mozilla/5.0 (Windows NT 10.0; Win64; x64) AppleWebKit/537.36 (KHTML, like Gecko) Chrome/88.0.4324.182 Safari/537.36"
::1 - - [19/Feb/2021:14:31:25 +0000] "GET /css/main.css HTTP/1.1" 304 - "http://localhost:3000/card" "Mozilla/5.0 (Windows NT 10.0; Win64; x64) AppleWebKit/537.36 (KHTML, like Gecko) Chrome/88.0.4324.182 Safari/537.36"
::1 - - [19/Feb/2021:14:31:25 +0000] "GET /favicon.ico HTTP/1.1" 304 - "http://localhost:3000/card" "Mozilla/5.0 (Windows NT 10.0; Win64; x64) AppleWebKit/537.36 (KHTML, like Gecko) Chrome/88.0.4324.182 Safari/537.36"
::1 - - [19/Feb/2021:14:31:28 +0000] "POST /order-page HTTP/1.1" 302 58 "http://localhost:3000/card" "Mozilla/5.0 (Windows NT 10.0; Win64; x64) AppleWebKit/537.36 (KHTML, like Gecko) Chrome/88.0.4324.182 Safari/537.36"
::1 - - [19/Feb/2021:14:31:28 +0000] "GET /orders HTTP/1.1" 200 5221 "http://localhost:3000/card" "Mozilla/5.0 (Windows NT 10.0; Win64; x64) AppleWebKit/537.36 (KHTML, like Gecko) Chrome/88.0.4324.182 Safari/537.36"
::1 - - [19/Feb/2021:14:31:28 +0000] "GET /css/main.css HTTP/1.1" 304 - "http://localhost:3000/orders" "Mozilla/5.0 (Windows NT 10.0; Win64; x64) AppleWebKit/537.36 (KHTML, like Gecko) Chrome/88.0.4324.182 Safari/537.36"
::1 - - [19/Feb/2021:14:31:29 +0000] "GET /favicon.ico HTTP/1.1" 304 - "http://localhost:3000/orders" "Mozilla/5.0 (Windows NT 10.0; Win64; x64) AppleWebKit/537.36 (KHTML, like Gecko) Chrome/88.0.4324.182 Safari/537.36"
::1 - - [19/Feb/2021:14:31:31 +0000] "GET /invoice/602fcbbf2f2ec21b3cc4d1e6 HTTP/1.1" 200 - "http://localhost:3000/orders" "Mozilla/5.0 (Windows NT 10.0; Win64; x64) AppleWebKit/537.36 (KHTML, like Gecko) Chrome/88.0.4324.182 Safari/537.36"
::1 - - [19/Feb/2021:14:31:32 +0000] "GET /favicon.ico HTTP/1.1" 304 - "http://localhost:3000/invoice/602fcbbf2f2ec21b3cc4d1e6" "Mozilla/5.0 (Windows NT 10.0; Win64; x64) AppleWebKit/537.36 (KHTML, like Gecko) Chrome/88.0.4324.182 Safari/537.36"
::1 - - [19/Feb/2021:14:51:31 +0000] "GET / HTTP/1.1" 200 10638 "-" "Mozilla/5.0 (Windows NT 10.0; Win64; x64) AppleWebKit/537.36 (KHTML, like Gecko) Chrome/88.0.4324.182 Safari/537.36"
::1 - - [19/Feb/2021:14:51:31 +0000] "GET /css/main.css HTTP/1.1" 200 3860 "https://localhost:3000/" "Mozilla/5.0 (Windows NT 10.0; Win64; x64) AppleWebKit/537.36 (KHTML, like Gecko) Chrome/88.0.4324.182 Safari/537.36"
::1 - - [19/Feb/2021:14:51:32 +0000] "GET /favicon.ico HTTP/1.1" 200 1556 "https://localhost:3000/" "Mozilla/5.0 (Windows NT 10.0; Win64; x64) AppleWebKit/537.36 (KHTML, like Gecko) Chrome/88.0.4324.182 Safari/537.36"
